<?xml version="1.0" encoding="UTF-8"?>
<!-- Generated by org.testng.reporters.JUnitReportReporter -->
<testsuite hostname="JANHVI09" failures="0" tests="1" name="basictestNG.test4" time="9.740" errors="0" timestamp="2024-03-16T11:48:20 IST" skipped="0">
  <testcase classname="basictestNG.test4" name="Ajio" time="9.740"/>
  <system-out/>
</testsuite> <!-- basictestNG.test4 -->
