<?xml version="1.0" encoding="UTF-8"?>
<!-- Generated by org.testng.reporters.JUnitReportReporter -->
<testsuite hostname="JANHVI09" failures="0" tests="1" name="vtigerCRM.OrganizationsTest" time="14.539" errors="0" timestamp="2024-03-20T09:59:42 IST" skipped="0">
  <testcase classname="vtigerCRM.OrganizationsTest" name="CreateOrganizationsTest" time="14.539"/>
  <system-out>
CreateOrganizationsTesttestscript execution is started CreateOrganizationsTesttesrscript execution is pass  </system-out>
</testsuite> <!-- vtigerCRM.OrganizationsTest -->
